mode: set
github.com/taker0084/Go-BookingApp/cmd/web/main.go:24.12,27.15 2 0
github.com/taker0084/Go-BookingApp/cmd/web/main.go:27.15,29.3 1 0
github.com/taker0084/Go-BookingApp/cmd/web/main.go:31.2,40.16 4 0
github.com/taker0084/Go-BookingApp/cmd/web/main.go:43.17,58.15 10 1
github.com/taker0084/Go-BookingApp/cmd/web/main.go:58.15,61.3 2 0
github.com/taker0084/Go-BookingApp/cmd/web/main.go:63.2,76.12 6 1
github.com/taker0084/Go-BookingApp/cmd/web/middleware.go:10.44,20.2 3 1
github.com/taker0084/Go-BookingApp/cmd/web/middleware.go:23.49,25.2 1 1
github.com/taker0084/Go-BookingApp/cmd/web/routes.go:14.48,43.2 18 1
