mode: set
github.com/taker0084/Go-BookingApp/internal/handlers/handlers.go:24.46,28.2 1 1
github.com/taker0084/Go-BookingApp/internal/handlers/handlers.go:31.32,33.2 1 1
github.com/taker0084/Go-BookingApp/internal/handlers/handlers.go:36.65,40.2 3 1
github.com/taker0084/Go-BookingApp/internal/handlers/handlers.go:43.66,57.2 5 1
github.com/taker0084/Go-BookingApp/internal/handlers/handlers.go:60.72,69.2 4 0
github.com/taker0084/Go-BookingApp/internal/handlers/handlers.go:72.76,74.15 2 1
github.com/taker0084/Go-BookingApp/internal/handlers/handlers.go:74.15,77.3 2 0
github.com/taker0084/Go-BookingApp/internal/handlers/handlers.go:79.2,93.18 6 1
github.com/taker0084/Go-BookingApp/internal/handlers/handlers.go:93.18,101.3 4 0
github.com/taker0084/Go-BookingApp/internal/handlers/handlers.go:103.2,105.66 2 1
github.com/taker0084/Go-BookingApp/internal/handlers/handlers.go:109.69,111.2 1 1
github.com/taker0084/Go-BookingApp/internal/handlers/handlers.go:114.67,116.2 1 1
github.com/taker0084/Go-BookingApp/internal/handlers/handlers.go:119.73,121.2 1 1
github.com/taker0084/Go-BookingApp/internal/handlers/handlers.go:123.77,128.2 3 1
github.com/taker0084/Go-BookingApp/internal/handlers/handlers.go:136.77,143.15 3 1
github.com/taker0084/Go-BookingApp/internal/handlers/handlers.go:143.15,145.3 1 0
github.com/taker0084/Go-BookingApp/internal/handlers/handlers.go:147.2,148.14 2 1
github.com/taker0084/Go-BookingApp/internal/handlers/handlers.go:152.68,154.2 1 1
github.com/taker0084/Go-BookingApp/internal/handlers/handlers.go:156.79,158.8 2 1
github.com/taker0084/Go-BookingApp/internal/handlers/handlers.go:158.8,163.3 4 1
github.com/taker0084/Go-BookingApp/internal/handlers/handlers.go:165.2,171.4 4 0
